Using pre-set license
Built from '2020.3/staging' branch; Version is '2020.3.6f1 (338bb68529b2) revision 3378102'; Using compiler version '192528614'; Build Type 'Release'
OS: 'Windows 10 Home; OS build 19042.1288; Version 2009; 64bit' Language: 'fr' Physical Memory: 8112 MB
BatchMode: 1, IsHumanControllingUs: 0, StartBugReporterOnCrash: 0, Is64bit: 1, IsPro: 0

 COMMAND LINE ARGUMENTS:
C:\Program Files\Unity\Hub\Editor\2020.3.6f1\Editor\Unity.exe
-adb2
-batchMode
-noUpm
-name
AssetImportWorker5
-projectPath
D:/Github/ProjetTuto/ProjetTuto
-logFile
Logs/AssetImportWorker5.log
-srvPort
58641
Successfully changed project path to: D:/Github/ProjetTuto/ProjetTuto
D:/Github/ProjetTuto/ProjetTuto
Using Asset Import Pipeline V2.
Refreshing native plugins compatible for Editor in 176.79 ms, found 1 plugins.
Preloading 0 native plugins for Editor in 0.00 ms.
Initialize engine version: 2020.3.6f1 (338bb68529b2)
[Subsystems] Discovering subsystems at path C:/Program Files/Unity/Hub/Editor/2020.3.6f1/Editor/Data/Resources/UnitySubsystems
[Subsystems] Discovering subsystems at path D:/Github/ProjetTuto/ProjetTuto/Assets
GfxDevice: creating device client; threaded=0
Direct3D:
    Version:  Direct3D 11.0 [level 11.1]
    Renderer: NVIDIA GeForce GTX 1660 Ti (ID=0x2191)
    Vendor:   
    VRAM:     5991 MB
    Driver:   27.21.14.5749
Initialize mono
Mono path[0] = 'C:/Program Files/Unity/Hub/Editor/2020.3.6f1/Editor/Data/Managed'
Mono path[1] = 'C:/Program Files/Unity/Hub/Editor/2020.3.6f1/Editor/Data/MonoBleedingEdge/lib/mono/unityjit'
Mono config path = 'C:/Program Files/Unity/Hub/Editor/2020.3.6f1/Editor/Data/MonoBleedingEdge/etc'
Using monoOptions --debugger-agent=transport=dt_socket,embedding=1,server=y,suspend=n,address=127.0.0.1:56440
Begin MonoManager ReloadAssembly
Registering precompiled unity dll's ...
Register platform support module: C:/Program Files/Unity/Hub/Editor/2020.3.6f1/Editor/Data/PlaybackEngines/WindowsStandaloneSupport/UnityEditor.WindowsStandalone.Extensions.dll
Registered in 0.002105 seconds.
Native extension for WindowsStandalone target not found
Refreshing native plugins compatible for Editor in 32.30 ms, found 1 plugins.
Preloading 0 native plugins for Editor in 0.00 ms.
Mono: successfully reloaded assembly
- Completed reload, in  1.992 seconds
Platform modules already initialized, skipping
Registering precompiled user dll's ...
Registered in 0.000903 seconds.
Begin MonoManager ReloadAssembly
Native extension for WindowsStandalone target not found
Refreshing native plugins compatible for Editor in 34.21 ms, found 1 plugins.
Preloading 0 native plugins for Editor in 0.00 ms.
Mono: successfully reloaded assembly
- Completed reload, in  1.650 seconds
Platform modules already initialized, skipping
========================================================================
Worker process is ready to serve import requests
Launched and connected shader compiler UnityShaderCompiler.exe after 0.11 seconds
Refreshing native plugins compatible for Editor in 0.34 ms, found 1 plugins.
Preloading 0 native plugins for Editor in 0.00 ms.
Unloading 1810 Unused Serialized files (Serialized files now loaded: 0)
System memory in use before: 85.0 MB.
System memory in use after: 85.0 MB.

Unloading 24 unused Assets to reduce memory usage. Loaded Objects now: 2253.
Total: 3.008800 ms (FindLiveObjects: 0.367100 ms CreateObjectMapping: 0.155100 ms MarkObjects: 2.214700 ms  DeleteObjects: 0.269900 ms)

========================================================================
Received Import Request.
  path: Assets/NeonShapes/PNG
  artifactKey: Guid(d26f534d5b348e243b2897b01cce6d67) Importer(815301076,1909f56bfc062723c751e8b465ee728b)
Start importing Assets/NeonShapes/PNG using Guid(d26f534d5b348e243b2897b01cce6d67) Importer(815301076,1909f56bfc062723c751e8b465ee728b)  -> (artifact id: '4dbaabcb974d3f29513a6398070d8779') in 0.018469 seconds
  Import took 0.021808 seconds .

========================================================================
Received Import Request.
  Time since last request: 0.000378 seconds.
  path: Assets/NeonShapes/NeonGreenSquare.prefab
  artifactKey: Guid(a5d528f63beb2d341b3a6772b74f0370) Importer(815301076,1909f56bfc062723c751e8b465ee728b)
Start importing Assets/NeonShapes/NeonGreenSquare.prefab using Guid(a5d528f63beb2d341b3a6772b74f0370) Importer(815301076,1909f56bfc062723c751e8b465ee728b)  -> (artifact id: '0f363fe2ead98103d1368cc49c00a146') in 0.097903 seconds
  Import took 0.178205 seconds .

========================================================================
Received Import Request.
  Time since last request: 0.000209 seconds.
  path: Assets/NeonShapes
  artifactKey: Guid(74098d8c9165aa948b4224024eae1e81) Importer(815301076,1909f56bfc062723c751e8b465ee728b)
Start importing Assets/NeonShapes using Guid(74098d8c9165aa948b4224024eae1e81) Importer(815301076,1909f56bfc062723c751e8b465ee728b)  -> (artifact id: '9cee9a75145dcd0e7fae86f57b24f66d') in 0.018059 seconds
  Import took 0.081343 seconds .

========================================================================
Received Import Request.
  Time since last request: 0.000236 seconds.
  path: Assets/NeonShapes/NeonBlueCircle.prefab
  artifactKey: Guid(abd7df1f756577f4bba76933969e9445) Importer(815301076,1909f56bfc062723c751e8b465ee728b)
Start importing Assets/NeonShapes/NeonBlueCircle.prefab using Guid(abd7df1f756577f4bba76933969e9445) Importer(815301076,1909f56bfc062723c751e8b465ee728b)  -> (artifact id: '713bb6d1a26d81ab657d286b71c3a3ae') in 0.036691 seconds
  Import took 0.115607 seconds .

========================================================================
Received Import Request.
  Time since last request: 0.000214 seconds.
  path: Assets/NeonShapes/PNG/GreenCircle.png
  artifactKey: Guid(a35b151eea1c2de43a63764c264c1d01) Importer(815301076,1909f56bfc062723c751e8b465ee728b)
Start importing Assets/NeonShapes/PNG/GreenCircle.png using Guid(a35b151eea1c2de43a63764c264c1d01) Importer(815301076,1909f56bfc062723c751e8b465ee728b)  -> (artifact id: 'b4a47131f00ff2eb95d934e5c1d4e9ef') in 0.114798 seconds
  Import took 0.161609 seconds .

========================================================================
Received Import Request.
  Time since last request: 0.000214 seconds.
  path: Assets/NeonShapes/GreenBlast.prefab
  artifactKey: Guid(4ccd5c8d80079ec41a274d9fdf13b9db) Importer(815301076,1909f56bfc062723c751e8b465ee728b)
Start importing Assets/NeonShapes/GreenBlast.prefab using Guid(4ccd5c8d80079ec41a274d9fdf13b9db) Importer(815301076,1909f56bfc062723c751e8b465ee728b)  -> (artifact id: '28f014400f4a67ae34b8ac558e0018d6') in 0.040681 seconds
  Import took 0.081195 seconds .

========================================================================
Received Import Request.
  Time since last request: 0.000314 seconds.
  path: Assets/NeonShapes/RedBlast.prefab
  artifactKey: Guid(4ce806bd6d1ee1e4d86921019641ae48) Importer(815301076,1909f56bfc062723c751e8b465ee728b)
Start importing Assets/NeonShapes/RedBlast.prefab using Guid(4ce806bd6d1ee1e4d86921019641ae48) Importer(815301076,1909f56bfc062723c751e8b465ee728b)  -> (artifact id: '297f1ae73307e62141e3f8264fb19a28') in 0.049897 seconds
  Import took 0.052504 seconds .

========================================================================
Received Import Request.
  Time since last request: 0.000314 seconds.
  path: Assets/NeonShapes/BlueBlast.prefab
  artifactKey: Guid(516274d5b999df747b6389ccc2de9ded) Importer(815301076,1909f56bfc062723c751e8b465ee728b)
Start importing Assets/NeonShapes/BlueBlast.prefab using Guid(516274d5b999df747b6389ccc2de9ded) Importer(815301076,1909f56bfc062723c751e8b465ee728b)  -> (artifact id: '8dd835f34fcebd5244f09e8e8a8aae02') in 0.027728 seconds
  Import took 0.063508 seconds .

========================================================================
Received Import Request.
  Time since last request: 0.000309 seconds.
  path: Assets/NeonShapes/PNG/GreenSquare.png
  artifactKey: Guid(0ba6eacafb5789b4b93c7a75aaeca5e2) Importer(815301076,1909f56bfc062723c751e8b465ee728b)
Start importing Assets/NeonShapes/PNG/GreenSquare.png using Guid(0ba6eacafb5789b4b93c7a75aaeca5e2) Importer(815301076,1909f56bfc062723c751e8b465ee728b)  -> (artifact id: '9895e765fbfe7c9ea11f5f5fe4fd2b05') in 0.079949 seconds
  Import took 0.114483 seconds .

========================================================================
Received Import Request.
  Time since last request: 0.000198 seconds.
  path: Assets/NeonShapes/NeonBlueSquare.prefab
  artifactKey: Guid(d56359fb7f8f24f43b7d3a230500f2fd) Importer(815301076,1909f56bfc062723c751e8b465ee728b)
Start importing Assets/NeonShapes/NeonBlueSquare.prefab using Guid(d56359fb7f8f24f43b7d3a230500f2fd) Importer(815301076,1909f56bfc062723c751e8b465ee728b)  -> (artifact id: 'cd0b85053b8d678ec21640e70764868d') in 0.007682 seconds
  Import took 0.068573 seconds .

========================================================================
Received Import Request.
  Time since last request: 0.000287 seconds.
  path: Assets/NeonShapes/PNG/BlueSquare.png
  artifactKey: Guid(0ef1d9735665d7849afdc68d3ce045b2) Importer(815301076,1909f56bfc062723c751e8b465ee728b)
Start importing Assets/NeonShapes/PNG/BlueSquare.png using Guid(0ef1d9735665d7849afdc68d3ce045b2) Importer(815301076,1909f56bfc062723c751e8b465ee728b)  -> (artifact id: '580960fca118033df001987467612293') in 0.093851 seconds
  Import took 0.149352 seconds .

========================================================================
Received Import Request.
  Time since last request: 0.000258 seconds.
  path: Assets/NeonShapes/PNG/RedSquare.png
  artifactKey: Guid(b2353d2543ffecb46ac5f9ff4c022bd5) Importer(815301076,1909f56bfc062723c751e8b465ee728b)
Start importing Assets/NeonShapes/PNG/RedSquare.png using Guid(b2353d2543ffecb46ac5f9ff4c022bd5) Importer(815301076,1909f56bfc062723c751e8b465ee728b)  -> (artifact id: '63bc1b04d4a478baaccfe9c027c185f2') in 0.065746 seconds
  Import took 0.068537 seconds .

========================================================================
Received Import Request.
  Time since last request: 0.000316 seconds.
  path: Assets/NeonShapes/PNG/BlueCircle.png
  artifactKey: Guid(f743ae65363a58b4bb63d471b4978b1a) Importer(815301076,1909f56bfc062723c751e8b465ee728b)
Start importing Assets/NeonShapes/PNG/BlueCircle.png using Guid(f743ae65363a58b4bb63d471b4978b1a) Importer(815301076,1909f56bfc062723c751e8b465ee728b)  -> (artifact id: '45bd3b25fdc144423b0cdb0f2bf75616') in 0.055424 seconds
  Import took 0.142657 seconds .

========================================================================
Received Import Request.
  Time since last request: 0.000279 seconds.
  path: Assets/PlayerMouvement.cs
  artifactKey: Guid(25272d5a1ea7da54a825c8d6ffb0622a) Importer(815301076,1909f56bfc062723c751e8b465ee728b)
Start importing Assets/PlayerMouvement.cs using Guid(25272d5a1ea7da54a825c8d6ffb0622a) Importer(815301076,1909f56bfc062723c751e8b465ee728b)  -> (artifact id: 'd476cb618927c0648a54571341e649b8') in 0.011007 seconds
  Import took 0.013552 seconds .

========================================================================
Received Import Request.
  Time since last request: 0.000331 seconds.
  path: Assets/NeonShapes/PNG/RedCircle.png
  artifactKey: Guid(eef18d33c7eb7c64cb92f40f54a334b0) Importer(815301076,1909f56bfc062723c751e8b465ee728b)
Start importing Assets/NeonShapes/PNG/RedCircle.png using Guid(eef18d33c7eb7c64cb92f40f54a334b0) Importer(815301076,1909f56bfc062723c751e8b465ee728b)  -> (artifact id: '1991ba99c74fc0ba60239d8747739ef5') in 0.040654 seconds
  Import took 0.043226 seconds .

========================================================================
Received Import Request.
  Time since last request: 0.000314 seconds.
  path: Assets/NeonShapes/NeonGreenCircle.prefab
  artifactKey: Guid(1bcfccf592472944baab9167f5b7218b) Importer(815301076,1909f56bfc062723c751e8b465ee728b)
Start importing Assets/NeonShapes/NeonGreenCircle.prefab using Guid(1bcfccf592472944baab9167f5b7218b) Importer(815301076,1909f56bfc062723c751e8b465ee728b)  -> (artifact id: '2e0b7244537ea6eca748d946a59d073c') in 0.018889 seconds
  Import took 0.089730 seconds .

========================================================================
Received Import Request.
  Time since last request: 0.000297 seconds.
  path: Assets/NeonShapes/NeonRedCircle.prefab
  artifactKey: Guid(94edf104f1ebf6845b33cd812afef29f) Importer(815301076,1909f56bfc062723c751e8b465ee728b)
Start importing Assets/NeonShapes/NeonRedCircle.prefab using Guid(94edf104f1ebf6845b33cd812afef29f) Importer(815301076,1909f56bfc062723c751e8b465ee728b)  -> (artifact id: 'c65512dace655d5df8376110b82045e8') in 0.024524 seconds
  Import took 0.041224 seconds .

========================================================================
Received Import Request.
  Time since last request: 0.000310 seconds.
  path: Assets/NeonShapes/NeonRedSquare.prefab
  artifactKey: Guid(1936811a43f57bd4a874dd0d96a711fc) Importer(815301076,1909f56bfc062723c751e8b465ee728b)
Start importing Assets/NeonShapes/NeonRedSquare.prefab using Guid(1936811a43f57bd4a874dd0d96a711fc) Importer(815301076,1909f56bfc062723c751e8b465ee728b)  -> (artifact id: 'dd65af41c0b3b97457ebbe31d6ee4fac') in 0.033638 seconds
  Import took 0.036263 seconds .

========================================================================
Received Prepare
Registering precompiled user dll's ...
Registered in 0.001095 seconds.
Begin MonoManager ReloadAssembly
Native extension for WindowsStandalone target not found
Refreshing native plugins compatible for Editor in 0.32 ms, found 1 plugins.
Preloading 0 native plugins for Editor in 0.00 ms.
Mono: successfully reloaded assembly
- Completed reload, in  0.877 seconds
Platform modules already initialized, skipping
Refreshing native plugins compatible for Editor in 0.32 ms, found 1 plugins.
Preloading 0 native plugins for Editor in 0.00 ms.
Unloading 1805 Unused Serialized files (Serialized files now loaded: 0)
System memory in use before: 88.1 MB.
System memory in use after: 88.1 MB.

Unloading 12 unused Assets to reduce memory usage. Loaded Objects now: 2263.
Total: 2.120800 ms (FindLiveObjects: 0.178000 ms CreateObjectMapping: 0.066300 ms MarkObjects: 1.780700 ms  DeleteObjects: 0.095000 ms)

========================================================================
Received Import Request.
  Time since last request: 37.970516 seconds.
  path: Assets/PlayerMouvement.cs
  artifactKey: Guid(25272d5a1ea7da54a825c8d6ffb0622a) Importer(815301076,1909f56bfc062723c751e8b465ee728b)
Start importing Assets/PlayerMouvement.cs using Guid(25272d5a1ea7da54a825c8d6ffb0622a) Importer(815301076,1909f56bfc062723c751e8b465ee728b)  -> (artifact id: '0ed9d4157d9e8225824ce294bba3989f') in 0.004193 seconds
  Import took 0.007576 seconds .

========================================================================
Received Prepare
Registering precompiled user dll's ...
Registered in 0.001357 seconds.
Begin MonoManager ReloadAssembly
Native extension for WindowsStandalone target not found
Refreshing native plugins compatible for Editor in 0.32 ms, found 1 plugins.
Preloading 0 native plugins for Editor in 0.00 ms.
Mono: successfully reloaded assembly
- Completed reload, in  0.872 seconds
Platform modules already initialized, skipping
Refreshing native plugins compatible for Editor in 0.36 ms, found 1 plugins.
Preloading 0 native plugins for Editor in 0.00 ms.
Unloading 1805 Unused Serialized files (Serialized files now loaded: 0)
System memory in use before: 88.1 MB.
System memory in use after: 88.1 MB.

Unloading 12 unused Assets to reduce memory usage. Loaded Objects now: 2267.
Total: 2.186000 ms (FindLiveObjects: 0.233200 ms CreateObjectMapping: 0.077800 ms MarkObjects: 1.766800 ms  DeleteObjects: 0.107400 ms)

========================================================================
Received Import Request.
  Time since last request: 527.772103 seconds.
  path: Assets/PlayerMouvement.cs
  artifactKey: Guid(25272d5a1ea7da54a825c8d6ffb0622a) Importer(815301076,1909f56bfc062723c751e8b465ee728b)
Start importing Assets/PlayerMouvement.cs using Guid(25272d5a1ea7da54a825c8d6ffb0622a) Importer(815301076,1909f56bfc062723c751e8b465ee728b)  -> (artifact id: '8a27490ca9fc8ff0a821c5b8bac0fe2c') in 0.004416 seconds
  Import took 0.117569 seconds .

========================================================================
Received Prepare
Registering precompiled user dll's ...
Registered in 0.000960 seconds.
Begin MonoManager ReloadAssembly
Native extension for WindowsStandalone target not found
Refreshing native plugins compatible for Editor in 0.32 ms, found 1 plugins.
Preloading 0 native plugins for Editor in 0.00 ms.
Mono: successfully reloaded assembly
- Completed reload, in  0.880 seconds
Platform modules already initialized, skipping
Refreshing native plugins compatible for Editor in 0.55 ms, found 1 plugins.
Preloading 0 native plugins for Editor in 0.00 ms.
Unloading 1805 Unused Serialized files (Serialized files now loaded: 0)
System memory in use before: 88.1 MB.
System memory in use after: 88.1 MB.

Unloading 12 unused Assets to reduce memory usage. Loaded Objects now: 2271.
Total: 3.986900 ms (FindLiveObjects: 0.329600 ms CreateObjectMapping: 0.132900 ms MarkObjects: 3.331300 ms  DeleteObjects: 0.191200 ms)

========================================================================
Received Prepare
Registering precompiled user dll's ...
Registered in 0.001023 seconds.
Begin MonoManager ReloadAssembly
Native extension for WindowsStandalone target not found
Refreshing native plugins compatible for Editor in 0.32 ms, found 1 plugins.
Preloading 0 native plugins for Editor in 0.00 ms.
Mono: successfully reloaded assembly
- Completed reload, in  0.864 seconds
Platform modules already initialized, skipping
Refreshing native plugins compatible for Editor in 1.47 ms, found 1 plugins.
Preloading 0 native plugins for Editor in 0.00 ms.
Unloading 1805 Unused Serialized files (Serialized files now loaded: 0)
System memory in use before: 88.2 MB.
System memory in use after: 88.1 MB.

Unloading 12 unused Assets to reduce memory usage. Loaded Objects now: 2275.
Total: 2.376600 ms (FindLiveObjects: 0.209600 ms CreateObjectMapping: 0.083800 ms MarkObjects: 1.968000 ms  DeleteObjects: 0.114000 ms)

========================================================================
Received Prepare
Registering precompiled user dll's ...
Registered in 0.001157 seconds.
Begin MonoManager ReloadAssembly
Native extension for WindowsStandalone target not found
Refreshing native plugins compatible for Editor in 0.48 ms, found 1 plugins.
Preloading 0 native plugins for Editor in 0.00 ms.
Mono: successfully reloaded assembly
- Completed reload, in  1.088 seconds
Platform modules already initialized, skipping
Refreshing native plugins compatible for Editor in 0.36 ms, found 1 plugins.
Preloading 0 native plugins for Editor in 0.00 ms.
Unloading 1805 Unused Serialized files (Serialized files now loaded: 0)
System memory in use before: 88.2 MB.
System memory in use after: 88.1 MB.

Unloading 12 unused Assets to reduce memory usage. Loaded Objects now: 2279.
Total: 2.338900 ms (FindLiveObjects: 0.218000 ms CreateObjectMapping: 0.060000 ms MarkObjects: 1.900000 ms  DeleteObjects: 0.159700 ms)

========================================================================
Received Prepare
Registering precompiled user dll's ...
Registered in 0.001371 seconds.
Begin MonoManager ReloadAssembly
Native extension for WindowsStandalone target not found
Refreshing native plugins compatible for Editor in 0.40 ms, found 1 plugins.
Preloading 0 native plugins for Editor in 0.00 ms.
Mono: successfully reloaded assembly
- Completed reload, in  0.919 seconds
Platform modules already initialized, skipping
Refreshing native plugins compatible for Editor in 0.32 ms, found 1 plugins.
Preloading 0 native plugins for Editor in 0.00 ms.
Unloading 1805 Unused Serialized files (Serialized files now loaded: 0)
System memory in use before: 88.2 MB.
System memory in use after: 88.2 MB.

Unloading 12 unused Assets to reduce memory usage. Loaded Objects now: 2283.
Total: 2.635300 ms (FindLiveObjects: 0.448200 ms CreateObjectMapping: 0.167300 ms MarkObjects: 1.906000 ms  DeleteObjects: 0.112400 ms)

========================================================================
Received Prepare
Registering precompiled user dll's ...
Registered in 0.001397 seconds.
Begin MonoManager ReloadAssembly
Native extension for WindowsStandalone target not found
Refreshing native plugins compatible for Editor in 0.40 ms, found 1 plugins.
Preloading 0 native plugins for Editor in 0.00 ms.
Mono: successfully reloaded assembly
- Completed reload, in  1.078 seconds
Platform modules already initialized, skipping
Refreshing native plugins compatible for Editor in 0.48 ms, found 1 plugins.
Preloading 0 native plugins for Editor in 0.00 ms.
Unloading 1805 Unused Serialized files (Serialized files now loaded: 0)
System memory in use before: 88.2 MB.
System memory in use after: 88.2 MB.

Unloading 12 unused Assets to reduce memory usage. Loaded Objects now: 2287.
Total: 3.055700 ms (FindLiveObjects: 0.408000 ms CreateObjectMapping: 0.151700 ms MarkObjects: 2.388400 ms  DeleteObjects: 0.106200 ms)

========================================================================
Received Prepare
Registering precompiled user dll's ...
Registered in 0.000999 seconds.
Begin MonoManager ReloadAssembly
Native extension for WindowsStandalone target not found
Refreshing native plugins compatible for Editor in 0.34 ms, found 1 plugins.
Preloading 0 native plugins for Editor in 0.00 ms.
Mono: successfully reloaded assembly
- Completed reload, in  0.844 seconds
Platform modules already initialized, skipping
Refreshing native plugins compatible for Editor in 0.32 ms, found 1 plugins.
Preloading 0 native plugins for Editor in 0.00 ms.
Unloading 1805 Unused Serialized files (Serialized files now loaded: 0)
System memory in use before: 88.2 MB.
System memory in use after: 88.2 MB.

Unloading 12 unused Assets to reduce memory usage. Loaded Objects now: 2291.
Total: 2.179100 ms (FindLiveObjects: 0.174800 ms CreateObjectMapping: 0.064000 ms MarkObjects: 1.828000 ms  DeleteObjects: 0.111000 ms)

========================================================================
Received Prepare
Registering precompiled user dll's ...
Registered in 0.001032 seconds.
Begin MonoManager ReloadAssembly
Native extension for WindowsStandalone target not found
Refreshing native plugins compatible for Editor in 0.35 ms, found 1 plugins.
Preloading 0 native plugins for Editor in 0.00 ms.
Mono: successfully reloaded assembly
- Completed reload, in  0.918 seconds
Platform modules already initialized, skipping
Refreshing native plugins compatible for Editor in 0.36 ms, found 1 plugins.
Preloading 0 native plugins for Editor in 0.00 ms.
Unloading 1805 Unused Serialized files (Serialized files now loaded: 0)
System memory in use before: 88.2 MB.
System memory in use after: 88.2 MB.

Unloading 12 unused Assets to reduce memory usage. Loaded Objects now: 2295.
Total: 3.706900 ms (FindLiveObjects: 0.531800 ms CreateObjectMapping: 0.195700 ms MarkObjects: 2.810700 ms  DeleteObjects: 0.166500 ms)

========================================================================
Received Prepare
Registering precompiled user dll's ...
Registered in 0.001257 seconds.
Begin MonoManager ReloadAssembly
Native extension for WindowsStandalone target not found
Refreshing native plugins compatible for Editor in 0.46 ms, found 1 plugins.
Preloading 0 native plugins for Editor in 0.00 ms.
Mono: successfully reloaded assembly
- Completed reload, in  0.876 seconds
Platform modules already initialized, skipping
Refreshing native plugins compatible for Editor in 0.31 ms, found 1 plugins.
Preloading 0 native plugins for Editor in 0.00 ms.
Unloading 1805 Unused Serialized files (Serialized files now loaded: 0)
System memory in use before: 88.2 MB.
System memory in use after: 88.2 MB.

Unloading 12 unused Assets to reduce memory usage. Loaded Objects now: 2299.
Total: 2.343500 ms (FindLiveObjects: 0.356700 ms CreateObjectMapping: 0.082800 ms MarkObjects: 1.798900 ms  DeleteObjects: 0.103200 ms)

========================================================================
Received Prepare
Registering precompiled user dll's ...
Registered in 0.001047 seconds.
Begin MonoManager ReloadAssembly
Native extension for WindowsStandalone target not found
Refreshing native plugins compatible for Editor in 0.37 ms, found 1 plugins.
Preloading 0 native plugins for Editor in 0.00 ms.
Mono: successfully reloaded assembly
- Completed reload, in  1.088 seconds
Platform modules already initialized, skipping
Refreshing native plugins compatible for Editor in 0.37 ms, found 1 plugins.
Preloading 0 native plugins for Editor in 0.00 ms.
Unloading 1805 Unused Serialized files (Serialized files now loaded: 0)
System memory in use before: 88.2 MB.
System memory in use after: 88.2 MB.

Unloading 12 unused Assets to reduce memory usage. Loaded Objects now: 2303.
Total: 2.561000 ms (FindLiveObjects: 0.315500 ms CreateObjectMapping: 0.123900 ms MarkObjects: 1.984600 ms  DeleteObjects: 0.135000 ms)

========================================================================
Received Prepare
Registering precompiled user dll's ...
Registered in 0.001163 seconds.
Begin MonoManager ReloadAssembly
Native extension for WindowsStandalone target not found
Refreshing native plugins compatible for Editor in 0.43 ms, found 1 plugins.
Preloading 0 native plugins for Editor in 0.00 ms.
Mono: successfully reloaded assembly
- Completed reload, in  1.013 seconds
Platform modules already initialized, skipping
Refreshing native plugins compatible for Editor in 0.36 ms, found 1 plugins.
Preloading 0 native plugins for Editor in 0.00 ms.
Unloading 1805 Unused Serialized files (Serialized files now loaded: 0)
System memory in use before: 88.2 MB.
System memory in use after: 88.2 MB.

Unloading 12 unused Assets to reduce memory usage. Loaded Objects now: 2307.
Total: 2.712000 ms (FindLiveObjects: 0.232400 ms CreateObjectMapping: 0.111300 ms MarkObjects: 2.261400 ms  DeleteObjects: 0.105400 ms)

========================================================================
Received Prepare
Registering precompiled user dll's ...
Registered in 0.000936 seconds.
Begin MonoManager ReloadAssembly
Native extension for WindowsStandalone target not found
Refreshing native plugins compatible for Editor in 0.35 ms, found 1 plugins.
Preloading 0 native plugins for Editor in 0.00 ms.
Mono: successfully reloaded assembly
- Completed reload, in  0.869 seconds
Platform modules already initialized, skipping
Refreshing native plugins compatible for Editor in 0.64 ms, found 1 plugins.
Preloading 0 native plugins for Editor in 0.00 ms.
Unloading 1805 Unused Serialized files (Serialized files now loaded: 0)
System memory in use before: 88.2 MB.
System memory in use after: 88.2 MB.

Unloading 12 unused Assets to reduce memory usage. Loaded Objects now: 2311.
Total: 2.451500 ms (FindLiveObjects: 0.551100 ms CreateObjectMapping: 0.136300 ms MarkObjects: 1.664300 ms  DeleteObjects: 0.097600 ms)

========================================================================
Received Prepare
Registering precompiled user dll's ...
Registered in 0.001786 seconds.
Begin MonoManager ReloadAssembly
Native extension for WindowsStandalone target not found
Refreshing native plugins compatible for Editor in 0.48 ms, found 1 plugins.
Preloading 0 native plugins for Editor in 0.00 ms.
Mono: successfully reloaded assembly
- Completed reload, in  1.486 seconds
Platform modules already initialized, skipping
Refreshing native plugins compatible for Editor in 0.44 ms, found 1 plugins.
Preloading 0 native plugins for Editor in 0.00 ms.
Unloading 1805 Unused Serialized files (Serialized files now loaded: 0)
System memory in use before: 88.3 MB.
System memory in use after: 88.2 MB.

Unloading 12 unused Assets to reduce memory usage. Loaded Objects now: 2315.
Total: 2.876600 ms (FindLiveObjects: 0.341700 ms CreateObjectMapping: 0.091900 ms MarkObjects: 2.299500 ms  DeleteObjects: 0.141900 ms)

========================================================================
Received Prepare
Registering precompiled user dll's ...
Registered in 0.001593 seconds.
Begin MonoManager ReloadAssembly
Native extension for WindowsStandalone target not found
Refreshing native plugins compatible for Editor in 0.32 ms, found 1 plugins.
Preloading 0 native plugins for Editor in 0.00 ms.
Mono: successfully reloaded assembly
- Completed reload, in  1.053 seconds
Platform modules already initialized, skipping
Refreshing native plugins compatible for Editor in 0.32 ms, found 1 plugins.
Preloading 0 native plugins for Editor in 0.00 ms.
Unloading 1805 Unused Serialized files (Serialized files now loaded: 0)
System memory in use before: 88.3 MB.
System memory in use after: 88.2 MB.

Unloading 12 unused Assets to reduce memory usage. Loaded Objects now: 2319.
Total: 2.632700 ms (FindLiveObjects: 0.314900 ms CreateObjectMapping: 0.102100 ms MarkObjects: 2.112200 ms  DeleteObjects: 0.102500 ms)

========================================================================
Received Prepare
Registering precompiled user dll's ...
Registered in 0.001121 seconds.
Begin MonoManager ReloadAssembly
Native extension for WindowsStandalone target not found
Refreshing native plugins compatible for Editor in 0.32 ms, found 1 plugins.
Preloading 0 native plugins for Editor in 0.00 ms.
Mono: successfully reloaded assembly
- Completed reload, in  0.893 seconds
Platform modules already initialized, skipping
Refreshing native plugins compatible for Editor in 0.32 ms, found 1 plugins.
Preloading 0 native plugins for Editor in 0.00 ms.
Unloading 1805 Unused Serialized files (Serialized files now loaded: 0)
System memory in use before: 88.3 MB.
System memory in use after: 88.2 MB.

Unloading 12 unused Assets to reduce memory usage. Loaded Objects now: 2323.
Total: 2.294000 ms (FindLiveObjects: 0.210000 ms CreateObjectMapping: 0.091600 ms MarkObjects: 1.887400 ms  DeleteObjects: 0.103600 ms)

========================================================================
Received Prepare
Registering precompiled user dll's ...
Registered in 0.001035 seconds.
Begin MonoManager ReloadAssembly
Native extension for WindowsStandalone target not found
Refreshing native plugins compatible for Editor in 0.35 ms, found 1 plugins.
Preloading 0 native plugins for Editor in 0.00 ms.
Mono: successfully reloaded assembly
- Completed reload, in  0.853 seconds
Platform modules already initialized, skipping
Refreshing native plugins compatible for Editor in 0.61 ms, found 1 plugins.
Preloading 0 native plugins for Editor in 0.00 ms.
Unloading 1805 Unused Serialized files (Serialized files now loaded: 0)
System memory in use before: 88.3 MB.
System memory in use after: 88.3 MB.

Unloading 12 unused Assets to reduce memory usage. Loaded Objects now: 2327.
Total: 2.423500 ms (FindLiveObjects: 0.307000 ms CreateObjectMapping: 0.096400 ms MarkObjects: 1.920100 ms  DeleteObjects: 0.099200 ms)

========================================================================
Received Prepare
Registering precompiled user dll's ...
Registered in 0.000919 seconds.
Begin MonoManager ReloadAssembly
Native extension for WindowsStandalone target not found
Refreshing native plugins compatible for Editor in 0.36 ms, found 1 plugins.
Preloading 0 native plugins for Editor in 0.00 ms.
Mono: successfully reloaded assembly
- Completed reload, in  0.904 seconds
Platform modules already initialized, skipping
Refreshing native plugins compatible for Editor in 0.33 ms, found 1 plugins.
Preloading 0 native plugins for Editor in 0.00 ms.
Unloading 1805 Unused Serialized files (Serialized files now loaded: 0)
System memory in use before: 88.3 MB.
System memory in use after: 88.3 MB.

Unloading 12 unused Assets to reduce memory usage. Loaded Objects now: 2331.
Total: 2.387900 ms (FindLiveObjects: 0.197100 ms CreateObjectMapping: 0.067200 ms MarkObjects: 1.999900 ms  DeleteObjects: 0.123000 ms)

========================================================================
Received Prepare
Registering precompiled user dll's ...
Registered in 0.001024 seconds.
Begin MonoManager ReloadAssembly
Native extension for WindowsStandalone target not found
Refreshing native plugins compatible for Editor in 0.39 ms, found 1 plugins.
Preloading 0 native plugins for Editor in 0.00 ms.
Mono: successfully reloaded assembly
- Completed reload, in  0.820 seconds
Platform modules already initialized, skipping
Refreshing native plugins compatible for Editor in 0.41 ms, found 1 plugins.
Preloading 0 native plugins for Editor in 0.00 ms.
Unloading 1805 Unused Serialized files (Serialized files now loaded: 0)
System memory in use before: 88.3 MB.
System memory in use after: 88.3 MB.

Unloading 12 unused Assets to reduce memory usage. Loaded Objects now: 2335.
Total: 2.389700 ms (FindLiveObjects: 0.438600 ms CreateObjectMapping: 0.081100 ms MarkObjects: 1.768500 ms  DeleteObjects: 0.100600 ms)

========================================================================
Received Prepare
Registering precompiled user dll's ...
Registered in 0.000938 seconds.
Begin MonoManager ReloadAssembly
Native extension for WindowsStandalone target not found
Refreshing native plugins compatible for Editor in 0.45 ms, found 1 plugins.
Preloading 0 native plugins for Editor in 0.00 ms.
Mono: successfully reloaded assembly
- Completed reload, in  0.880 seconds
Platform modules already initialized, skipping
Refreshing native plugins compatible for Editor in 0.32 ms, found 1 plugins.
Preloading 0 native plugins for Editor in 0.00 ms.
Unloading 1805 Unused Serialized files (Serialized files now loaded: 0)
System memory in use before: 88.3 MB.
System memory in use after: 88.3 MB.

Unloading 12 unused Assets to reduce memory usage. Loaded Objects now: 2339.
Total: 2.689100 ms (FindLiveObjects: 0.747300 ms CreateObjectMapping: 0.170100 ms MarkObjects: 1.603800 ms  DeleteObjects: 0.165300 ms)

========================================================================
Received Prepare
Registering precompiled user dll's ...
Registered in 0.000974 seconds.
Begin MonoManager ReloadAssembly
Native extension for WindowsStandalone target not found
Refreshing native plugins compatible for Editor in 0.34 ms, found 1 plugins.
Preloading 0 native plugins for Editor in 0.00 ms.
Mono: successfully reloaded assembly
- Completed reload, in  0.901 seconds
Platform modules already initialized, skipping
Refreshing native plugins compatible for Editor in 0.32 ms, found 1 plugins.
Preloading 0 native plugins for Editor in 0.00 ms.
Unloading 1805 Unused Serialized files (Serialized files now loaded: 0)
System memory in use before: 88.3 MB.
System memory in use after: 88.3 MB.

Unloading 12 unused Assets to reduce memory usage. Loaded Objects now: 2343.
Total: 2.208400 ms (FindLiveObjects: 0.206800 ms CreateObjectMapping: 0.076600 ms MarkObjects: 1.826300 ms  DeleteObjects: 0.097500 ms)

========================================================================
Received Prepare
Registering precompiled user dll's ...
Registered in 0.001581 seconds.
Begin MonoManager ReloadAssembly
Native extension for WindowsStandalone target not found
Refreshing native plugins compatible for Editor in 0.45 ms, found 1 plugins.
Preloading 0 native plugins for Editor in 0.00 ms.
Mono: successfully reloaded assembly
- Completed reload, in  1.132 seconds
Platform modules already initialized, skipping
Refreshing native plugins compatible for Editor in 0.38 ms, found 1 plugins.
Preloading 0 native plugins for Editor in 0.00 ms.
Unloading 1805 Unused Serialized files (Serialized files now loaded: 0)
System memory in use before: 88.3 MB.
System memory in use after: 88.3 MB.

Unloading 12 unused Assets to reduce memory usage. Loaded Objects now: 2347.
Total: 2.840600 ms (FindLiveObjects: 0.616500 ms CreateObjectMapping: 0.214100 ms MarkObjects: 1.898900 ms  DeleteObjects: 0.108300 ms)

